<?xml version="1.0" encoding="UTF-8"?>
<!-- Generated by org.testng.reporters.JUnitReportReporter -->
<testsuite hostname="LTIN443800" failures="0" tests="5" name="testCases.TC003_LoginDDT" time="43.118" errors="0" timestamp="2025-07-31T16:42:02 IST" skipped="0">
  <testcase classname="testCases.TC003_LoginDDT" name="verify_loginDDT" time="4.762"/>
  <testcase classname="testCases.TC003_LoginDDT" name="verify_loginDDT" time="13.578"/>
  <testcase classname="testCases.TC003_LoginDDT" name="verify_loginDDT" time="15.159"/>
  <testcase classname="testCases.TC003_LoginDDT" name="verify_loginDDT" time="4.794"/>
  <testcase classname="testCases.TC003_LoginDDT" name="verify_loginDDT" time="4.825"/>
</testsuite> <!-- testCases.TC003_LoginDDT -->
