<?xml version="1.0" encoding="UTF-8"?>
<!-- Generated by org.testng.reporters.JUnitReportReporter -->
<testsuite hostname="LTIN443800" failures="0" tests="1" name="testCases.TC002_LoginTest" time="1.761" errors="0" timestamp="2025-08-01T15:27:56 IST" skipped="0">
  <testcase classname="testCases.TC002_LoginTest" name="verify_login" time="1.761"/>
</testsuite> <!-- testCases.TC002_LoginTest -->
